<?xml version="1.0" encoding="UTF-8"?>
<testng-results ignored="0" total="1" passed="1" failed="0" skipped="0">
  <reporter-output>
  </reporter-output>
  <suite started-at="2023-07-24T15:32:13 IST" name="Default suite" finished-at="2023-07-24T15:32:18 IST" duration-ms="4865">
    <groups>
    </groups>
    <test started-at="2023-07-24T15:32:13 IST" name="Default test" finished-at="2023-07-24T15:32:18 IST" duration-ms="4865">
      <class name="testNGPackage.AssertionTestNG">
        <test-method signature="loginPage()[pri:0, instance:testNGPackage.AssertionTestNG@19e4653c]" started-at="2023-07-24T15:32:13 IST" name="loginPage" finished-at="2023-07-24T15:32:18 IST" duration-ms="4764" status="PASS">
          <reporter-output>
          </reporter-output>
        </test-method> <!-- loginPage -->
      </class> <!-- testNGPackage.AssertionTestNG -->
    </test> <!-- Default test -->
  </suite> <!-- Default suite -->
</testng-results>
