<?xml version="1.0" encoding="UTF-8"?>
<!-- Generated by org.testng.reporters.JUnitXMLReporter -->
<testsuite ignored="1" hostname="DESKTOP-4PQ0G9R" failures="1" tests="1" name="Test(failed)" time="0.131" errors="0" timestamp="2023-07-18T13:57:11 IST">
  <testcase classname="testNGPack2.Class2" name="f22" time="0.021">
    <failure type="java.lang.ArithmeticException" message="/ by zero">
      <![CDATA[java.lang.ArithmeticException: / by zero
at testNGPack2.Class2.f22(Class2.java:15)
at java.base/java.util.ArrayList.forEach(ArrayList.java:1511)
... Removed 27 stack frames]]>
    </failure>
  </testcase> <!-- f22 -->
  <testcase classname="testNGPack2.Class2" name="f2" time="0.0">
    <ignored/>
  </testcase> <!-- f2 -->
</testsuite> <!-- Test(failed) -->
