<?xml version="1.0" encoding="UTF-8"?>
<!-- Generated by org.testng.reporters.JUnitXMLReporter -->
<testsuite ignored="6" hostname="DESKTOP-4PQ0G9R" failures="0" tests="12" name="Test" time="0.384" errors="0" timestamp="2023-07-22T15:38:14 IST">
  <testcase classname="testNGFlags.Flag6" name="ft1" time="0.018"/>
  <testcase classname="testNGFlags.Flag6" name="ft2" time="0.004"/>
  <testcase classname="testNGFlags.Flag6" name="ft3" time="0.008"/>
  <testcase classname="testNGFlags.Flag6" name="ft4" time="0.005"/>
  <testcase classname="testNGFlags.Flag6" name="ft5" time="0.005"/>
  <testcase classname="testNGFlags.Flag6" name="ft6" time="0.011"/>
  <testcase classname="testNGFlags.Flag6" name="st1" time="0.011"/>
  <testcase classname="testNGFlags.Flag6" name="st2" time="0.008"/>
  <testcase classname="testNGFlags.Flag6" name="st3" time="0.005"/>
  <testcase classname="testNGFlags.Flag6" name="st4" time="0.011"/>
  <testcase classname="testNGFlags.Flag6" name="st5" time="0.012"/>
  <testcase classname="testNGFlags.Flag6" name="st6" time="0.009"/>
  <testcase classname="testNGFlags.Flag6" name="it1" time="0.0">
    <ignored/>
  </testcase> <!-- it1 -->
  <testcase classname="testNGFlags.Flag6" name="it2" time="0.0">
    <ignored/>
  </testcase> <!-- it2 -->
  <testcase classname="testNGFlags.Flag6" name="it3" time="0.0">
    <ignored/>
  </testcase> <!-- it3 -->
  <testcase classname="testNGFlags.Flag6" name="it4" time="0.0">
    <ignored/>
  </testcase> <!-- it4 -->
  <testcase classname="testNGFlags.Flag6" name="it5" time="0.0">
    <ignored/>
  </testcase> <!-- it5 -->
  <testcase classname="testNGFlags.Flag6" name="it6" time="0.0">
    <ignored/>
  </testcase> <!-- it6 -->
</testsuite> <!-- Test -->
